
*** Running vivado
    with args -log maqueta_21_22.vds -m64 -product Vivado -mode batch -messageDb vivado.pb -notrace -source maqueta_21_22.tcl



****** Vivado v2022.2 (64-bit)
  **** SW Build 3671981 on Fri Oct 14 05:00:03 MDT 2022
  **** IP Build 3669848 on Fri Oct 14 08:30:02 MDT 2022
    ** Copyright 1986-2022 Xilinx, Inc. All Rights Reserved.

source maqueta_21_22.tcl -notrace
Command: read_checkpoint -auto_incremental -incremental C:/Users/josug/maqueta_21_22/maqueta_21_22.srcs/utils_1/imports/synth_1/HC_SR04.dcp
INFO: [Vivado 12-5825] Read reference checkpoint from C:/Users/josug/maqueta_21_22/maqueta_21_22.srcs/utils_1/imports/synth_1/HC_SR04.dcp for incremental synthesis
INFO: [Vivado 12-7989] Please ensure there are no constraint changes
Command: synth_design -top maqueta_21_22 -part xc7a35tcpg236-1
Starting synth_design
Attempting to get a license for feature 'Synthesis' and/or device 'xc7a35t'
INFO: [Common 17-349] Got license for feature 'Synthesis' and/or device 'xc7a35t'
INFO: [Device 21-403] Loading part xc7a35tcpg236-1
INFO: [Designutils 20-5440] No compile time benefit to using incremental synthesis; A full resynthesis will be run
INFO: [Designutils 20-4379] Flow is switching to default flow due to incremental criteria not met. If you would like to alter this behaviour and have the flow terminate instead, please set the following parameter config_implementation {autoIncr.Synth.RejectBehavior Terminate}
INFO: [Synth 8-7079] Multithreading enabled for synth_design using a maximum of 2 processes.
INFO: [Synth 8-7078] Launching helper process for spawning children vivado processes
INFO: [Synth 8-7075] Helper process launched with PID 1952
INFO: [Synth 8-11241] undeclared symbol 'REGCCE', assumed default net type 'wire' [C:/Xilinx/Vivado/2022.2/data/verilog/src/unimacro/BRAM_SINGLE_MACRO.v:2170]
---------------------------------------------------------------------------------
Starting RTL Elaboration : Time (s): cpu = 00:00:04 ; elapsed = 00:00:05 . Memory (MB): peak = 1188.094 ; gain = 409.852
---------------------------------------------------------------------------------
INFO: [Synth 8-638] synthesizing module 'maqueta_21_22' [C:/Users/josug/maqueta_21_22/maqueta_21_22.srcs/sources_1/new/maqueta_21_22.vhd:34]
INFO: [Synth 8-638] synthesizing module 'pwm_motor_DC' [C:/Users/josug/maqueta_21_22/maqueta_21_22.srcs/sources_1/new/pwm_motor_DC.vhd:18]
WARNING: [Synth 8-614] signal 'frecuencia_pwm' is read in the process but is not in the sensitivity list [C:/Users/josug/maqueta_21_22/maqueta_21_22.srcs/sources_1/new/pwm_motor_DC.vhd:100]
INFO: [Synth 8-256] done synthesizing module 'pwm_motor_DC' (0#1) [C:/Users/josug/maqueta_21_22/maqueta_21_22.srcs/sources_1/new/pwm_motor_DC.vhd:18]
INFO: [Synth 8-638] synthesizing module 'sensor_hall' [C:/Users/josug/maqueta_21_22/maqueta_21_22.srcs/sources_1/new/sensor_hall.vhd:16]
WARNING: [Synth 8-614] signal 'rpm' is read in the process but is not in the sensitivity list [C:/Users/josug/maqueta_21_22/maqueta_21_22.srcs/sources_1/new/sensor_hall.vhd:48]
INFO: [Synth 8-256] done synthesizing module 'sensor_hall' (0#1) [C:/Users/josug/maqueta_21_22/maqueta_21_22.srcs/sources_1/new/sensor_hall.vhd:16]
INFO: [Synth 8-638] synthesizing module 'my_quimat' [C:/Users/josug/maqueta_21_22/maqueta_21_22.srcs/sources_1/new/my_quimat.vhd:20]
WARNING: [Synth 8-614] signal 'reset' is read in the process but is not in the sensitivity list [C:/Users/josug/maqueta_21_22/maqueta_21_22.srcs/sources_1/new/my_quimat.vhd:35]
INFO: [Synth 8-256] done synthesizing module 'my_quimat' (0#1) [C:/Users/josug/maqueta_21_22/maqueta_21_22.srcs/sources_1/new/my_quimat.vhd:20]
INFO: [Synth 8-638] synthesizing module 'HC_SR04' [C:/Users/josug/maqueta_21_22/maqueta_21_22.srcs/sources_1/new/HC_SR04.vhd:16]
INFO: [Synth 8-256] done synthesizing module 'HC_SR04' (0#1) [C:/Users/josug/maqueta_21_22/maqueta_21_22.srcs/sources_1/new/HC_SR04.vhd:16]
INFO: [Synth 8-638] synthesizing module 'ST_DS18B20' [C:/Users/josug/maqueta_21_22/maqueta_21_22.srcs/sources_1/new/ST_DS18B20.vhd:18]
INFO: [Synth 8-226] default block is never used [C:/Users/josug/maqueta_21_22/maqueta_21_22.srcs/sources_1/new/ST_DS18B20.vhd:139]
INFO: [Synth 8-256] done synthesizing module 'ST_DS18B20' (0#1) [C:/Users/josug/maqueta_21_22/maqueta_21_22.srcs/sources_1/new/ST_DS18B20.vhd:18]
INFO: [Synth 8-638] synthesizing module 'my_servo_v1' [C:/Users/josug/maqueta_21_22/maqueta_21_22.srcs/sources_1/new/my_servo_v1.vhd:16]
WARNING: [Synth 8-614] signal 'pos_grados' is read in the process but is not in the sensitivity list [C:/Users/josug/maqueta_21_22/maqueta_21_22.srcs/sources_1/new/my_servo_v1.vhd:59]
INFO: [Synth 8-256] done synthesizing module 'my_servo_v1' (0#1) [C:/Users/josug/maqueta_21_22/maqueta_21_22.srcs/sources_1/new/my_servo_v1.vhd:16]
INFO: [Synth 8-638] synthesizing module 'bin_BCD' [C:/Users/josug/maqueta_21_22/maqueta_21_22.srcs/sources_1/new/bin_BCD.vhd:18]
INFO: [Synth 8-226] default block is never used [C:/Users/josug/maqueta_21_22/maqueta_21_22.srcs/sources_1/new/bin_BCD.vhd:61]
WARNING: [Synth 8-614] signal 'sw' is read in the process but is not in the sensitivity list [C:/Users/josug/maqueta_21_22/maqueta_21_22.srcs/sources_1/new/bin_BCD.vhd:50]
INFO: [Synth 8-256] done synthesizing module 'bin_BCD' (0#1) [C:/Users/josug/maqueta_21_22/maqueta_21_22.srcs/sources_1/new/bin_BCD.vhd:18]
INFO: [Synth 8-256] done synthesizing module 'maqueta_21_22' (0#1) [C:/Users/josug/maqueta_21_22/maqueta_21_22.srcs/sources_1/new/maqueta_21_22.vhd:34]
WARNING: [Synth 8-6014] Unused sequential element cont_reg was removed.  [C:/Users/josug/maqueta_21_22/maqueta_21_22.srcs/sources_1/new/bin_BCD.vhd:40]
WARNING: [Synth 8-6014] Unused sequential element fin_reg was removed.  [C:/Users/josug/maqueta_21_22/maqueta_21_22.srcs/sources_1/new/bin_BCD.vhd:58]
WARNING: [Synth 8-3848] Net calefactor in module/entity maqueta_21_22 does not have driver. [C:/Users/josug/maqueta_21_22/maqueta_21_22.srcs/sources_1/new/maqueta_21_22.vhd:13]
WARNING: [Synth 8-3848] Net sw in module/entity maqueta_21_22 does not have driver. [C:/Users/josug/maqueta_21_22/maqueta_21_22.srcs/sources_1/new/maqueta_21_22.vhd:43]
WARNING: [Synth 8-7129] Port calefactor in module maqueta_21_22 is either unconnected or has no load
WARNING: [Synth 8-7129] Port que_ver[1] in module maqueta_21_22 is either unconnected or has no load
WARNING: [Synth 8-7129] Port que_ver[0] in module maqueta_21_22 is either unconnected or has no load
---------------------------------------------------------------------------------
Finished RTL Elaboration : Time (s): cpu = 00:00:06 ; elapsed = 00:00:06 . Memory (MB): peak = 1288.754 ; gain = 510.512
---------------------------------------------------------------------------------
---------------------------------------------------------------------------------
Start Handling Custom Attributes
---------------------------------------------------------------------------------
---------------------------------------------------------------------------------
Finished Handling Custom Attributes : Time (s): cpu = 00:00:06 ; elapsed = 00:00:07 . Memory (MB): peak = 1288.754 ; gain = 510.512
---------------------------------------------------------------------------------
---------------------------------------------------------------------------------
Finished RTL Optimization Phase 1 : Time (s): cpu = 00:00:06 ; elapsed = 00:00:07 . Memory (MB): peak = 1288.754 ; gain = 510.512
---------------------------------------------------------------------------------
Netlist sorting complete. Time (s): cpu = 00:00:00 ; elapsed = 00:00:00.021 . Memory (MB): peak = 1288.754 ; gain = 0.000
INFO: [Project 1-570] Preparing netlist for logic optimization

Processing XDC Constraints
Initializing timing engine
Parsing XDC File [C:/Users/josug/maqueta_21_22/maqueta_21_22.srcs/constrs_1/new/maqueta_21_22.xdc]
Finished Parsing XDC File [C:/Users/josug/maqueta_21_22/maqueta_21_22.srcs/constrs_1/new/maqueta_21_22.xdc]
INFO: [Project 1-236] Implementation specific constraints were found while reading constraint file [C:/Users/josug/maqueta_21_22/maqueta_21_22.srcs/constrs_1/new/maqueta_21_22.xdc]. These constraints will be ignored for synthesis but will be used in implementation. Impacted constraints are listed in the file [.Xil/maqueta_21_22_propImpl.xdc].
Resolution: To avoid this warning, move constraints listed in [.Xil/maqueta_21_22_propImpl.xdc] to another XDC file and exclude this new file from synthesis with the used_in_synthesis property (File Properties dialog in GUI) and re-run elaboration/synthesis.
Parsing XDC File [C:/Users/josug/maqueta_21_22/maqueta_21_22.srcs/constrs_1/new/HC_SR04.xdc]
WARNING: [Vivado 12-584] No ports matched 'reset'. [C:/Users/josug/maqueta_21_22/maqueta_21_22.srcs/constrs_1/new/HC_SR04.xdc:7]
CRITICAL WARNING: [Common 17-55] 'set_property' expects at least one object. [C:/Users/josug/maqueta_21_22/maqueta_21_22.srcs/constrs_1/new/HC_SR04.xdc:7]
Resolution: If [get_<value>] was used to populate the object, check to make sure this command returns at least one valid object.
WARNING: [Vivado 12-584] No ports matched 'reset'. [C:/Users/josug/maqueta_21_22/maqueta_21_22.srcs/constrs_1/new/HC_SR04.xdc:8]
CRITICAL WARNING: [Common 17-55] 'set_property' expects at least one object. [C:/Users/josug/maqueta_21_22/maqueta_21_22.srcs/constrs_1/new/HC_SR04.xdc:8]
Resolution: If [get_<value>] was used to populate the object, check to make sure this command returns at least one valid object.
WARNING: [Vivado 12-584] No ports matched 'distancia_cm[0]'. [C:/Users/josug/maqueta_21_22/maqueta_21_22.srcs/constrs_1/new/HC_SR04.xdc:19]
CRITICAL WARNING: [Common 17-55] 'set_property' expects at least one object. [C:/Users/josug/maqueta_21_22/maqueta_21_22.srcs/constrs_1/new/HC_SR04.xdc:19]
Resolution: If [get_<value>] was used to populate the object, check to make sure this command returns at least one valid object.
WARNING: [Vivado 12-584] No ports matched 'distancia_cm[0]'. [C:/Users/josug/maqueta_21_22/maqueta_21_22.srcs/constrs_1/new/HC_SR04.xdc:20]
CRITICAL WARNING: [Common 17-55] 'set_property' expects at least one object. [C:/Users/josug/maqueta_21_22/maqueta_21_22.srcs/constrs_1/new/HC_SR04.xdc:20]
Resolution: If [get_<value>] was used to populate the object, check to make sure this command returns at least one valid object.
WARNING: [Vivado 12-584] No ports matched 'distancia_cm[1]'. [C:/Users/josug/maqueta_21_22/maqueta_21_22.srcs/constrs_1/new/HC_SR04.xdc:21]
CRITICAL WARNING: [Common 17-55] 'set_property' expects at least one object. [C:/Users/josug/maqueta_21_22/maqueta_21_22.srcs/constrs_1/new/HC_SR04.xdc:21]
Resolution: If [get_<value>] was used to populate the object, check to make sure this command returns at least one valid object.
WARNING: [Vivado 12-584] No ports matched 'distancia_cm[1]'. [C:/Users/josug/maqueta_21_22/maqueta_21_22.srcs/constrs_1/new/HC_SR04.xdc:22]
CRITICAL WARNING: [Common 17-55] 'set_property' expects at least one object. [C:/Users/josug/maqueta_21_22/maqueta_21_22.srcs/constrs_1/new/HC_SR04.xdc:22]
Resolution: If [get_<value>] was used to populate the object, check to make sure this command returns at least one valid object.
WARNING: [Vivado 12-584] No ports matched 'distancia_cm[2]'. [C:/Users/josug/maqueta_21_22/maqueta_21_22.srcs/constrs_1/new/HC_SR04.xdc:23]
CRITICAL WARNING: [Common 17-55] 'set_property' expects at least one object. [C:/Users/josug/maqueta_21_22/maqueta_21_22.srcs/constrs_1/new/HC_SR04.xdc:23]
Resolution: If [get_<value>] was used to populate the object, check to make sure this command returns at least one valid object.
WARNING: [Vivado 12-584] No ports matched 'distancia_cm[2]'. [C:/Users/josug/maqueta_21_22/maqueta_21_22.srcs/constrs_1/new/HC_SR04.xdc:24]
CRITICAL WARNING: [Common 17-55] 'set_property' expects at least one object. [C:/Users/josug/maqueta_21_22/maqueta_21_22.srcs/constrs_1/new/HC_SR04.xdc:24]
Resolution: If [get_<value>] was used to populate the object, check to make sure this command returns at least one valid object.
WARNING: [Vivado 12-584] No ports matched 'distancia_cm[3]'. [C:/Users/josug/maqueta_21_22/maqueta_21_22.srcs/constrs_1/new/HC_SR04.xdc:25]
CRITICAL WARNING: [Common 17-55] 'set_property' expects at least one object. [C:/Users/josug/maqueta_21_22/maqueta_21_22.srcs/constrs_1/new/HC_SR04.xdc:25]
Resolution: If [get_<value>] was used to populate the object, check to make sure this command returns at least one valid object.
WARNING: [Vivado 12-584] No ports matched 'distancia_cm[3]'. [C:/Users/josug/maqueta_21_22/maqueta_21_22.srcs/constrs_1/new/HC_SR04.xdc:26]
CRITICAL WARNING: [Common 17-55] 'set_property' expects at least one object. [C:/Users/josug/maqueta_21_22/maqueta_21_22.srcs/constrs_1/new/HC_SR04.xdc:26]
Resolution: If [get_<value>] was used to populate the object, check to make sure this command returns at least one valid object.
WARNING: [Vivado 12-584] No ports matched 'distancia_cm[4]'. [C:/Users/josug/maqueta_21_22/maqueta_21_22.srcs/constrs_1/new/HC_SR04.xdc:27]
CRITICAL WARNING: [Common 17-55] 'set_property' expects at least one object. [C:/Users/josug/maqueta_21_22/maqueta_21_22.srcs/constrs_1/new/HC_SR04.xdc:27]
Resolution: If [get_<value>] was used to populate the object, check to make sure this command returns at least one valid object.
WARNING: [Vivado 12-584] No ports matched 'distancia_cm[4]'. [C:/Users/josug/maqueta_21_22/maqueta_21_22.srcs/constrs_1/new/HC_SR04.xdc:28]
CRITICAL WARNING: [Common 17-55] 'set_property' expects at least one object. [C:/Users/josug/maqueta_21_22/maqueta_21_22.srcs/constrs_1/new/HC_SR04.xdc:28]
Resolution: If [get_<value>] was used to populate the object, check to make sure this command returns at least one valid object.
WARNING: [Vivado 12-584] No ports matched 'distancia_cm[5]'. [C:/Users/josug/maqueta_21_22/maqueta_21_22.srcs/constrs_1/new/HC_SR04.xdc:29]
CRITICAL WARNING: [Common 17-55] 'set_property' expects at least one object. [C:/Users/josug/maqueta_21_22/maqueta_21_22.srcs/constrs_1/new/HC_SR04.xdc:29]
Resolution: If [get_<value>] was used to populate the object, check to make sure this command returns at least one valid object.
WARNING: [Vivado 12-584] No ports matched 'distancia_cm[5]'. [C:/Users/josug/maqueta_21_22/maqueta_21_22.srcs/constrs_1/new/HC_SR04.xdc:30]
CRITICAL WARNING: [Common 17-55] 'set_property' expects at least one object. [C:/Users/josug/maqueta_21_22/maqueta_21_22.srcs/constrs_1/new/HC_SR04.xdc:30]
Resolution: If [get_<value>] was used to populate the object, check to make sure this command returns at least one valid object.
WARNING: [Vivado 12-584] No ports matched 'distancia_cm[6]'. [C:/Users/josug/maqueta_21_22/maqueta_21_22.srcs/constrs_1/new/HC_SR04.xdc:31]
CRITICAL WARNING: [Common 17-55] 'set_property' expects at least one object. [C:/Users/josug/maqueta_21_22/maqueta_21_22.srcs/constrs_1/new/HC_SR04.xdc:31]
Resolution: If [get_<value>] was used to populate the object, check to make sure this command returns at least one valid object.
WARNING: [Vivado 12-584] No ports matched 'distancia_cm[6]'. [C:/Users/josug/maqueta_21_22/maqueta_21_22.srcs/constrs_1/new/HC_SR04.xdc:32]
CRITICAL WARNING: [Common 17-55] 'set_property' expects at least one object. [C:/Users/josug/maqueta_21_22/maqueta_21_22.srcs/constrs_1/new/HC_SR04.xdc:32]
Resolution: If [get_<value>] was used to populate the object, check to make sure this command returns at least one valid object.
WARNING: [Vivado 12-584] No ports matched 'distancia_cm[7]'. [C:/Users/josug/maqueta_21_22/maqueta_21_22.srcs/constrs_1/new/HC_SR04.xdc:33]
CRITICAL WARNING: [Common 17-55] 'set_property' expects at least one object. [C:/Users/josug/maqueta_21_22/maqueta_21_22.srcs/constrs_1/new/HC_SR04.xdc:33]
Resolution: If [get_<value>] was used to populate the object, check to make sure this command returns at least one valid object.
WARNING: [Vivado 12-584] No ports matched 'distancia_cm[7]'. [C:/Users/josug/maqueta_21_22/maqueta_21_22.srcs/constrs_1/new/HC_SR04.xdc:34]
CRITICAL WARNING: [Common 17-55] 'set_property' expects at least one object. [C:/Users/josug/maqueta_21_22/maqueta_21_22.srcs/constrs_1/new/HC_SR04.xdc:34]
Resolution: If [get_<value>] was used to populate the object, check to make sure this command returns at least one valid object.
WARNING: [Vivado 12-584] No ports matched 'distancia_cm[8]'. [C:/Users/josug/maqueta_21_22/maqueta_21_22.srcs/constrs_1/new/HC_SR04.xdc:35]
CRITICAL WARNING: [Common 17-55] 'set_property' expects at least one object. [C:/Users/josug/maqueta_21_22/maqueta_21_22.srcs/constrs_1/new/HC_SR04.xdc:35]
Resolution: If [get_<value>] was used to populate the object, check to make sure this command returns at least one valid object.
WARNING: [Vivado 12-584] No ports matched 'distancia_cm[8]'. [C:/Users/josug/maqueta_21_22/maqueta_21_22.srcs/constrs_1/new/HC_SR04.xdc:36]
CRITICAL WARNING: [Common 17-55] 'set_property' expects at least one object. [C:/Users/josug/maqueta_21_22/maqueta_21_22.srcs/constrs_1/new/HC_SR04.xdc:36]
Resolution: If [get_<value>] was used to populate the object, check to make sure this command returns at least one valid object.
WARNING: [Vivado 12-584] No ports matched 'distancia_cm[9]'. [C:/Users/josug/maqueta_21_22/maqueta_21_22.srcs/constrs_1/new/HC_SR04.xdc:37]
CRITICAL WARNING: [Common 17-55] 'set_property' expects at least one object. [C:/Users/josug/maqueta_21_22/maqueta_21_22.srcs/constrs_1/new/HC_SR04.xdc:37]
Resolution: If [get_<value>] was used to populate the object, check to make sure this command returns at least one valid object.
WARNING: [Vivado 12-584] No ports matched 'distancia_cm[9]'. [C:/Users/josug/maqueta_21_22/maqueta_21_22.srcs/constrs_1/new/HC_SR04.xdc:38]
CRITICAL WARNING: [Common 17-55] 'set_property' expects at least one object. [C:/Users/josug/maqueta_21_22/maqueta_21_22.srcs/constrs_1/new/HC_SR04.xdc:38]
Resolution: If [get_<value>] was used to populate the object, check to make sure this command returns at least one valid object.
Finished Parsing XDC File [C:/Users/josug/maqueta_21_22/maqueta_21_22.srcs/constrs_1/new/HC_SR04.xdc]
INFO: [Project 1-236] Implementation specific constraints were found while reading constraint file [C:/Users/josug/maqueta_21_22/maqueta_21_22.srcs/constrs_1/new/HC_SR04.xdc]. These constraints will be ignored for synthesis but will be used in implementation. Impacted constraints are listed in the file [.Xil/maqueta_21_22_propImpl.xdc].
Resolution: To avoid this warning, move constraints listed in [.Xil/maqueta_21_22_propImpl.xdc] to another XDC file and exclude this new file from synthesis with the used_in_synthesis property (File Properties dialog in GUI) and re-run elaboration/synthesis.
Parsing XDC File [C:/Users/josug/maqueta_21_22/maqueta_21_22.srcs/constrs_1/new/my_servo_v1.xdc]
WARNING: [Vivado 12-584] No ports matched 'selector[0]'. [C:/Users/josug/maqueta_21_22/maqueta_21_22.srcs/constrs_1/new/my_servo_v1.xdc:7]
CRITICAL WARNING: [Common 17-55] 'set_property' expects at least one object. [C:/Users/josug/maqueta_21_22/maqueta_21_22.srcs/constrs_1/new/my_servo_v1.xdc:7]
Resolution: If [get_<value>] was used to populate the object, check to make sure this command returns at least one valid object.
WARNING: [Vivado 12-584] No ports matched 'selector[0]'. [C:/Users/josug/maqueta_21_22/maqueta_21_22.srcs/constrs_1/new/my_servo_v1.xdc:8]
CRITICAL WARNING: [Common 17-55] 'set_property' expects at least one object. [C:/Users/josug/maqueta_21_22/maqueta_21_22.srcs/constrs_1/new/my_servo_v1.xdc:8]
Resolution: If [get_<value>] was used to populate the object, check to make sure this command returns at least one valid object.
WARNING: [Vivado 12-584] No ports matched 'selector[1]'. [C:/Users/josug/maqueta_21_22/maqueta_21_22.srcs/constrs_1/new/my_servo_v1.xdc:9]
CRITICAL WARNING: [Common 17-55] 'set_property' expects at least one object. [C:/Users/josug/maqueta_21_22/maqueta_21_22.srcs/constrs_1/new/my_servo_v1.xdc:9]
Resolution: If [get_<value>] was used to populate the object, check to make sure this command returns at least one valid object.
WARNING: [Vivado 12-584] No ports matched 'selector[1]'. [C:/Users/josug/maqueta_21_22/maqueta_21_22.srcs/constrs_1/new/my_servo_v1.xdc:10]
CRITICAL WARNING: [Common 17-55] 'set_property' expects at least one object. [C:/Users/josug/maqueta_21_22/maqueta_21_22.srcs/constrs_1/new/my_servo_v1.xdc:10]
Resolution: If [get_<value>] was used to populate the object, check to make sure this command returns at least one valid object.
WARNING: [Vivado 12-584] No ports matched 'selector[2]'. [C:/Users/josug/maqueta_21_22/maqueta_21_22.srcs/constrs_1/new/my_servo_v1.xdc:11]
CRITICAL WARNING: [Common 17-55] 'set_property' expects at least one object. [C:/Users/josug/maqueta_21_22/maqueta_21_22.srcs/constrs_1/new/my_servo_v1.xdc:11]
Resolution: If [get_<value>] was used to populate the object, check to make sure this command returns at least one valid object.
WARNING: [Vivado 12-584] No ports matched 'selector[2]'. [C:/Users/josug/maqueta_21_22/maqueta_21_22.srcs/constrs_1/new/my_servo_v1.xdc:12]
CRITICAL WARNING: [Common 17-55] 'set_property' expects at least one object. [C:/Users/josug/maqueta_21_22/maqueta_21_22.srcs/constrs_1/new/my_servo_v1.xdc:12]
Resolution: If [get_<value>] was used to populate the object, check to make sure this command returns at least one valid object.
WARNING: [Vivado 12-584] No ports matched 'selector[3]'. [C:/Users/josug/maqueta_21_22/maqueta_21_22.srcs/constrs_1/new/my_servo_v1.xdc:13]
CRITICAL WARNING: [Common 17-55] 'set_property' expects at least one object. [C:/Users/josug/maqueta_21_22/maqueta_21_22.srcs/constrs_1/new/my_servo_v1.xdc:13]
Resolution: If [get_<value>] was used to populate the object, check to make sure this command returns at least one valid object.
WARNING: [Vivado 12-584] No ports matched 'selector[3]'. [C:/Users/josug/maqueta_21_22/maqueta_21_22.srcs/constrs_1/new/my_servo_v1.xdc:14]
CRITICAL WARNING: [Common 17-55] 'set_property' expects at least one object. [C:/Users/josug/maqueta_21_22/maqueta_21_22.srcs/constrs_1/new/my_servo_v1.xdc:14]
Resolution: If [get_<value>] was used to populate the object, check to make sure this command returns at least one valid object.
WARNING: [Vivado 12-584] No ports matched 'tipo_servo[0]'. [C:/Users/josug/maqueta_21_22/maqueta_21_22.srcs/constrs_1/new/my_servo_v1.xdc:33]
CRITICAL WARNING: [Common 17-55] 'set_property' expects at least one object. [C:/Users/josug/maqueta_21_22/maqueta_21_22.srcs/constrs_1/new/my_servo_v1.xdc:33]
Resolution: If [get_<value>] was used to populate the object, check to make sure this command returns at least one valid object.
WARNING: [Vivado 12-584] No ports matched 'tipo_servo[0]'. [C:/Users/josug/maqueta_21_22/maqueta_21_22.srcs/constrs_1/new/my_servo_v1.xdc:34]
CRITICAL WARNING: [Common 17-55] 'set_property' expects at least one object. [C:/Users/josug/maqueta_21_22/maqueta_21_22.srcs/constrs_1/new/my_servo_v1.xdc:34]
Resolution: If [get_<value>] was used to populate the object, check to make sure this command returns at least one valid object.
WARNING: [Vivado 12-584] No ports matched 'tipo_servo[1]'. [C:/Users/josug/maqueta_21_22/maqueta_21_22.srcs/constrs_1/new/my_servo_v1.xdc:35]
CRITICAL WARNING: [Common 17-55] 'set_property' expects at least one object. [C:/Users/josug/maqueta_21_22/maqueta_21_22.srcs/constrs_1/new/my_servo_v1.xdc:35]
Resolution: If [get_<value>] was used to populate the object, check to make sure this command returns at least one valid object.
WARNING: [Vivado 12-584] No ports matched 'tipo_servo[1]'. [C:/Users/josug/maqueta_21_22/maqueta_21_22.srcs/constrs_1/new/my_servo_v1.xdc:36]
CRITICAL WARNING: [Common 17-55] 'set_property' expects at least one object. [C:/Users/josug/maqueta_21_22/maqueta_21_22.srcs/constrs_1/new/my_servo_v1.xdc:36]
Resolution: If [get_<value>] was used to populate the object, check to make sure this command returns at least one valid object.
WARNING: [Vivado 12-584] No ports matched 'tipo_servo[2]'. [C:/Users/josug/maqueta_21_22/maqueta_21_22.srcs/constrs_1/new/my_servo_v1.xdc:37]
CRITICAL WARNING: [Common 17-55] 'set_property' expects at least one object. [C:/Users/josug/maqueta_21_22/maqueta_21_22.srcs/constrs_1/new/my_servo_v1.xdc:37]
Resolution: If [get_<value>] was used to populate the object, check to make sure this command returns at least one valid object.
WARNING: [Vivado 12-584] No ports matched 'tipo_servo[2]'. [C:/Users/josug/maqueta_21_22/maqueta_21_22.srcs/constrs_1/new/my_servo_v1.xdc:38]
CRITICAL WARNING: [Common 17-55] 'set_property' expects at least one object. [C:/Users/josug/maqueta_21_22/maqueta_21_22.srcs/constrs_1/new/my_servo_v1.xdc:38]
Resolution: If [get_<value>] was used to populate the object, check to make sure this command returns at least one valid object.
WARNING: [Vivado 12-584] No ports matched 'reset'. [C:/Users/josug/maqueta_21_22/maqueta_21_22.srcs/constrs_1/new/my_servo_v1.xdc:41]
CRITICAL WARNING: [Common 17-55] 'set_property' expects at least one object. [C:/Users/josug/maqueta_21_22/maqueta_21_22.srcs/constrs_1/new/my_servo_v1.xdc:41]
Resolution: If [get_<value>] was used to populate the object, check to make sure this command returns at least one valid object.
WARNING: [Vivado 12-584] No ports matched 'reset'. [C:/Users/josug/maqueta_21_22/maqueta_21_22.srcs/constrs_1/new/my_servo_v1.xdc:42]
CRITICAL WARNING: [Common 17-55] 'set_property' expects at least one object. [C:/Users/josug/maqueta_21_22/maqueta_21_22.srcs/constrs_1/new/my_servo_v1.xdc:42]
Resolution: If [get_<value>] was used to populate the object, check to make sure this command returns at least one valid object.
Finished Parsing XDC File [C:/Users/josug/maqueta_21_22/maqueta_21_22.srcs/constrs_1/new/my_servo_v1.xdc]
INFO: [Project 1-236] Implementation specific constraints were found while reading constraint file [C:/Users/josug/maqueta_21_22/maqueta_21_22.srcs/constrs_1/new/my_servo_v1.xdc]. These constraints will be ignored for synthesis but will be used in implementation. Impacted constraints are listed in the file [.Xil/maqueta_21_22_propImpl.xdc].
Resolution: To avoid this warning, move constraints listed in [.Xil/maqueta_21_22_propImpl.xdc] to another XDC file and exclude this new file from synthesis with the used_in_synthesis property (File Properties dialog in GUI) and re-run elaboration/synthesis.
Parsing XDC File [C:/Users/josug/maqueta_21_22/maqueta_21_22.srcs/constrs_1/new/pwm_motor_DC.xdc]
WARNING: [Vivado 12-584] No ports matched 'sw[0]'. [C:/Users/josug/maqueta_21_22/maqueta_21_22.srcs/constrs_1/new/pwm_motor_DC.xdc:7]
CRITICAL WARNING: [Common 17-55] 'set_property' expects at least one object. [C:/Users/josug/maqueta_21_22/maqueta_21_22.srcs/constrs_1/new/pwm_motor_DC.xdc:7]
Resolution: If [get_<value>] was used to populate the object, check to make sure this command returns at least one valid object.
WARNING: [Vivado 12-584] No ports matched 'sw[0]'. [C:/Users/josug/maqueta_21_22/maqueta_21_22.srcs/constrs_1/new/pwm_motor_DC.xdc:8]
CRITICAL WARNING: [Common 17-55] 'set_property' expects at least one object. [C:/Users/josug/maqueta_21_22/maqueta_21_22.srcs/constrs_1/new/pwm_motor_DC.xdc:8]
Resolution: If [get_<value>] was used to populate the object, check to make sure this command returns at least one valid object.
WARNING: [Vivado 12-584] No ports matched 'sw[1]'. [C:/Users/josug/maqueta_21_22/maqueta_21_22.srcs/constrs_1/new/pwm_motor_DC.xdc:9]
CRITICAL WARNING: [Common 17-55] 'set_property' expects at least one object. [C:/Users/josug/maqueta_21_22/maqueta_21_22.srcs/constrs_1/new/pwm_motor_DC.xdc:9]
Resolution: If [get_<value>] was used to populate the object, check to make sure this command returns at least one valid object.
WARNING: [Vivado 12-584] No ports matched 'sw[1]'. [C:/Users/josug/maqueta_21_22/maqueta_21_22.srcs/constrs_1/new/pwm_motor_DC.xdc:10]
CRITICAL WARNING: [Common 17-55] 'set_property' expects at least one object. [C:/Users/josug/maqueta_21_22/maqueta_21_22.srcs/constrs_1/new/pwm_motor_DC.xdc:10]
Resolution: If [get_<value>] was used to populate the object, check to make sure this command returns at least one valid object.
WARNING: [Vivado 12-584] No ports matched 'sw[2]'. [C:/Users/josug/maqueta_21_22/maqueta_21_22.srcs/constrs_1/new/pwm_motor_DC.xdc:11]
CRITICAL WARNING: [Common 17-55] 'set_property' expects at least one object. [C:/Users/josug/maqueta_21_22/maqueta_21_22.srcs/constrs_1/new/pwm_motor_DC.xdc:11]
Resolution: If [get_<value>] was used to populate the object, check to make sure this command returns at least one valid object.
WARNING: [Vivado 12-584] No ports matched 'sw[2]'. [C:/Users/josug/maqueta_21_22/maqueta_21_22.srcs/constrs_1/new/pwm_motor_DC.xdc:12]
CRITICAL WARNING: [Common 17-55] 'set_property' expects at least one object. [C:/Users/josug/maqueta_21_22/maqueta_21_22.srcs/constrs_1/new/pwm_motor_DC.xdc:12]
Resolution: If [get_<value>] was used to populate the object, check to make sure this command returns at least one valid object.
WARNING: [Vivado 12-584] No ports matched 'sw[3]'. [C:/Users/josug/maqueta_21_22/maqueta_21_22.srcs/constrs_1/new/pwm_motor_DC.xdc:13]
CRITICAL WARNING: [Common 17-55] 'set_property' expects at least one object. [C:/Users/josug/maqueta_21_22/maqueta_21_22.srcs/constrs_1/new/pwm_motor_DC.xdc:13]
Resolution: If [get_<value>] was used to populate the object, check to make sure this command returns at least one valid object.
WARNING: [Vivado 12-584] No ports matched 'sw[3]'. [C:/Users/josug/maqueta_21_22/maqueta_21_22.srcs/constrs_1/new/pwm_motor_DC.xdc:14]
CRITICAL WARNING: [Common 17-55] 'set_property' expects at least one object. [C:/Users/josug/maqueta_21_22/maqueta_21_22.srcs/constrs_1/new/pwm_motor_DC.xdc:14]
Resolution: If [get_<value>] was used to populate the object, check to make sure this command returns at least one valid object.
WARNING: [Vivado 12-584] No ports matched 'sw[4]'. [C:/Users/josug/maqueta_21_22/maqueta_21_22.srcs/constrs_1/new/pwm_motor_DC.xdc:15]
CRITICAL WARNING: [Common 17-55] 'set_property' expects at least one object. [C:/Users/josug/maqueta_21_22/maqueta_21_22.srcs/constrs_1/new/pwm_motor_DC.xdc:15]
Resolution: If [get_<value>] was used to populate the object, check to make sure this command returns at least one valid object.
WARNING: [Vivado 12-584] No ports matched 'sw[4]'. [C:/Users/josug/maqueta_21_22/maqueta_21_22.srcs/constrs_1/new/pwm_motor_DC.xdc:16]
CRITICAL WARNING: [Common 17-55] 'set_property' expects at least one object. [C:/Users/josug/maqueta_21_22/maqueta_21_22.srcs/constrs_1/new/pwm_motor_DC.xdc:16]
Resolution: If [get_<value>] was used to populate the object, check to make sure this command returns at least one valid object.
WARNING: [Vivado 12-584] No ports matched 'led[2]'. [C:/Users/josug/maqueta_21_22/maqueta_21_22.srcs/constrs_1/new/pwm_motor_DC.xdc:24]
CRITICAL WARNING: [Common 17-55] 'set_property' expects at least one object. [C:/Users/josug/maqueta_21_22/maqueta_21_22.srcs/constrs_1/new/pwm_motor_DC.xdc:24]
Resolution: If [get_<value>] was used to populate the object, check to make sure this command returns at least one valid object.
WARNING: [Vivado 12-584] No ports matched 'led[2]'. [C:/Users/josug/maqueta_21_22/maqueta_21_22.srcs/constrs_1/new/pwm_motor_DC.xdc:25]
CRITICAL WARNING: [Common 17-55] 'set_property' expects at least one object. [C:/Users/josug/maqueta_21_22/maqueta_21_22.srcs/constrs_1/new/pwm_motor_DC.xdc:25]
Resolution: If [get_<value>] was used to populate the object, check to make sure this command returns at least one valid object.
WARNING: [Vivado 12-584] No ports matched 'led[3]'. [C:/Users/josug/maqueta_21_22/maqueta_21_22.srcs/constrs_1/new/pwm_motor_DC.xdc:26]
CRITICAL WARNING: [Common 17-55] 'set_property' expects at least one object. [C:/Users/josug/maqueta_21_22/maqueta_21_22.srcs/constrs_1/new/pwm_motor_DC.xdc:26]
Resolution: If [get_<value>] was used to populate the object, check to make sure this command returns at least one valid object.
WARNING: [Vivado 12-584] No ports matched 'led[3]'. [C:/Users/josug/maqueta_21_22/maqueta_21_22.srcs/constrs_1/new/pwm_motor_DC.xdc:27]
CRITICAL WARNING: [Common 17-55] 'set_property' expects at least one object. [C:/Users/josug/maqueta_21_22/maqueta_21_22.srcs/constrs_1/new/pwm_motor_DC.xdc:27]
Resolution: If [get_<value>] was used to populate the object, check to make sure this command returns at least one valid object.
WARNING: [Vivado 12-584] No ports matched 'led[4]'. [C:/Users/josug/maqueta_21_22/maqueta_21_22.srcs/constrs_1/new/pwm_motor_DC.xdc:28]
CRITICAL WARNING: [Common 17-55] 'set_property' expects at least one object. [C:/Users/josug/maqueta_21_22/maqueta_21_22.srcs/constrs_1/new/pwm_motor_DC.xdc:28]
Resolution: If [get_<value>] was used to populate the object, check to make sure this command returns at least one valid object.
WARNING: [Vivado 12-584] No ports matched 'led[4]'. [C:/Users/josug/maqueta_21_22/maqueta_21_22.srcs/constrs_1/new/pwm_motor_DC.xdc:29]
CRITICAL WARNING: [Common 17-55] 'set_property' expects at least one object. [C:/Users/josug/maqueta_21_22/maqueta_21_22.srcs/constrs_1/new/pwm_motor_DC.xdc:29]
Resolution: If [get_<value>] was used to populate the object, check to make sure this command returns at least one valid object.
WARNING: [Vivado 12-584] No ports matched 'led[5]'. [C:/Users/josug/maqueta_21_22/maqueta_21_22.srcs/constrs_1/new/pwm_motor_DC.xdc:30]
CRITICAL WARNING: [Common 17-55] 'set_property' expects at least one object. [C:/Users/josug/maqueta_21_22/maqueta_21_22.srcs/constrs_1/new/pwm_motor_DC.xdc:30]
Resolution: If [get_<value>] was used to populate the object, check to make sure this command returns at least one valid object.
WARNING: [Vivado 12-584] No ports matched 'led[5]'. [C:/Users/josug/maqueta_21_22/maqueta_21_22.srcs/constrs_1/new/pwm_motor_DC.xdc:31]
CRITICAL WARNING: [Common 17-55] 'set_property' expects at least one object. [C:/Users/josug/maqueta_21_22/maqueta_21_22.srcs/constrs_1/new/pwm_motor_DC.xdc:31]
Resolution: If [get_<value>] was used to populate the object, check to make sure this command returns at least one valid object.
WARNING: [Vivado 12-584] No ports matched 'led[6]'. [C:/Users/josug/maqueta_21_22/maqueta_21_22.srcs/constrs_1/new/pwm_motor_DC.xdc:32]
CRITICAL WARNING: [Common 17-55] 'set_property' expects at least one object. [C:/Users/josug/maqueta_21_22/maqueta_21_22.srcs/constrs_1/new/pwm_motor_DC.xdc:32]
Resolution: If [get_<value>] was used to populate the object, check to make sure this command returns at least one valid object.
WARNING: [Vivado 12-584] No ports matched 'led[6]'. [C:/Users/josug/maqueta_21_22/maqueta_21_22.srcs/constrs_1/new/pwm_motor_DC.xdc:33]
CRITICAL WARNING: [Common 17-55] 'set_property' expects at least one object. [C:/Users/josug/maqueta_21_22/maqueta_21_22.srcs/constrs_1/new/pwm_motor_DC.xdc:33]
Resolution: If [get_<value>] was used to populate the object, check to make sure this command returns at least one valid object.
WARNING: [Vivado 12-584] No ports matched 'btn'. [C:/Users/josug/maqueta_21_22/maqueta_21_22.srcs/constrs_1/new/pwm_motor_DC.xdc:37]
CRITICAL WARNING: [Common 17-55] 'set_property' expects at least one object. [C:/Users/josug/maqueta_21_22/maqueta_21_22.srcs/constrs_1/new/pwm_motor_DC.xdc:37]
Resolution: If [get_<value>] was used to populate the object, check to make sure this command returns at least one valid object.
WARNING: [Vivado 12-584] No ports matched 'btn'. [C:/Users/josug/maqueta_21_22/maqueta_21_22.srcs/constrs_1/new/pwm_motor_DC.xdc:38]
CRITICAL WARNING: [Common 17-55] 'set_property' expects at least one object. [C:/Users/josug/maqueta_21_22/maqueta_21_22.srcs/constrs_1/new/pwm_motor_DC.xdc:38]
Resolution: If [get_<value>] was used to populate the object, check to make sure this command returns at least one valid object.
WARNING: [Vivado 12-584] No ports matched 'sentido_motor_DC'. [C:/Users/josug/maqueta_21_22/maqueta_21_22.srcs/constrs_1/new/pwm_motor_DC.xdc:45]
CRITICAL WARNING: [Common 17-55] 'set_property' expects at least one object. [C:/Users/josug/maqueta_21_22/maqueta_21_22.srcs/constrs_1/new/pwm_motor_DC.xdc:45]
Resolution: If [get_<value>] was used to populate the object, check to make sure this command returns at least one valid object.
WARNING: [Vivado 12-584] No ports matched 'sentido_motor_DC'. [C:/Users/josug/maqueta_21_22/maqueta_21_22.srcs/constrs_1/new/pwm_motor_DC.xdc:46]
CRITICAL WARNING: [Common 17-55] 'set_property' expects at least one object. [C:/Users/josug/maqueta_21_22/maqueta_21_22.srcs/constrs_1/new/pwm_motor_DC.xdc:46]
Resolution: If [get_<value>] was used to populate the object, check to make sure this command returns at least one valid object.
Finished Parsing XDC File [C:/Users/josug/maqueta_21_22/maqueta_21_22.srcs/constrs_1/new/pwm_motor_DC.xdc]
INFO: [Project 1-236] Implementation specific constraints were found while reading constraint file [C:/Users/josug/maqueta_21_22/maqueta_21_22.srcs/constrs_1/new/pwm_motor_DC.xdc]. These constraints will be ignored for synthesis but will be used in implementation. Impacted constraints are listed in the file [.Xil/maqueta_21_22_propImpl.xdc].
Resolution: To avoid this warning, move constraints listed in [.Xil/maqueta_21_22_propImpl.xdc] to another XDC file and exclude this new file from synthesis with the used_in_synthesis property (File Properties dialog in GUI) and re-run elaboration/synthesis.
Parsing XDC File [C:/Users/josug/maqueta_21_22/maqueta_21_22.srcs/constrs_1/new/bin_BCD.xdc]
WARNING: [Vivado 12-584] No ports matched 'sw[0]'. [C:/Users/josug/maqueta_21_22/maqueta_21_22.srcs/constrs_1/new/bin_BCD.xdc:7]
CRITICAL WARNING: [Common 17-55] 'set_property' expects at least one object. [C:/Users/josug/maqueta_21_22/maqueta_21_22.srcs/constrs_1/new/bin_BCD.xdc:7]
Resolution: If [get_<value>] was used to populate the object, check to make sure this command returns at least one valid object.
WARNING: [Vivado 12-584] No ports matched 'sw[0]'. [C:/Users/josug/maqueta_21_22/maqueta_21_22.srcs/constrs_1/new/bin_BCD.xdc:8]
CRITICAL WARNING: [Common 17-55] 'set_property' expects at least one object. [C:/Users/josug/maqueta_21_22/maqueta_21_22.srcs/constrs_1/new/bin_BCD.xdc:8]
Resolution: If [get_<value>] was used to populate the object, check to make sure this command returns at least one valid object.
WARNING: [Vivado 12-584] No ports matched 'sw[1]'. [C:/Users/josug/maqueta_21_22/maqueta_21_22.srcs/constrs_1/new/bin_BCD.xdc:9]
CRITICAL WARNING: [Common 17-55] 'set_property' expects at least one object. [C:/Users/josug/maqueta_21_22/maqueta_21_22.srcs/constrs_1/new/bin_BCD.xdc:9]
Resolution: If [get_<value>] was used to populate the object, check to make sure this command returns at least one valid object.
WARNING: [Vivado 12-584] No ports matched 'sw[1]'. [C:/Users/josug/maqueta_21_22/maqueta_21_22.srcs/constrs_1/new/bin_BCD.xdc:10]
CRITICAL WARNING: [Common 17-55] 'set_property' expects at least one object. [C:/Users/josug/maqueta_21_22/maqueta_21_22.srcs/constrs_1/new/bin_BCD.xdc:10]
Resolution: If [get_<value>] was used to populate the object, check to make sure this command returns at least one valid object.
WARNING: [Vivado 12-584] No ports matched 'sw[2]'. [C:/Users/josug/maqueta_21_22/maqueta_21_22.srcs/constrs_1/new/bin_BCD.xdc:11]
CRITICAL WARNING: [Common 17-55] 'set_property' expects at least one object. [C:/Users/josug/maqueta_21_22/maqueta_21_22.srcs/constrs_1/new/bin_BCD.xdc:11]
Resolution: If [get_<value>] was used to populate the object, check to make sure this command returns at least one valid object.
WARNING: [Vivado 12-584] No ports matched 'sw[2]'. [C:/Users/josug/maqueta_21_22/maqueta_21_22.srcs/constrs_1/new/bin_BCD.xdc:12]
CRITICAL WARNING: [Common 17-55] 'set_property' expects at least one object. [C:/Users/josug/maqueta_21_22/maqueta_21_22.srcs/constrs_1/new/bin_BCD.xdc:12]
Resolution: If [get_<value>] was used to populate the object, check to make sure this command returns at least one valid object.
WARNING: [Vivado 12-584] No ports matched 'sw[3]'. [C:/Users/josug/maqueta_21_22/maqueta_21_22.srcs/constrs_1/new/bin_BCD.xdc:13]
CRITICAL WARNING: [Common 17-55] 'set_property' expects at least one object. [C:/Users/josug/maqueta_21_22/maqueta_21_22.srcs/constrs_1/new/bin_BCD.xdc:13]
Resolution: If [get_<value>] was used to populate the object, check to make sure this command returns at least one valid object.
WARNING: [Vivado 12-584] No ports matched 'sw[3]'. [C:/Users/josug/maqueta_21_22/maqueta_21_22.srcs/constrs_1/new/bin_BCD.xdc:14]
CRITICAL WARNING: [Common 17-55] 'set_property' expects at least one object. [C:/Users/josug/maqueta_21_22/maqueta_21_22.srcs/constrs_1/new/bin_BCD.xdc:14]
Resolution: If [get_<value>] was used to populate the object, check to make sure this command returns at least one valid object.
WARNING: [Vivado 12-584] No ports matched 'enable'. [C:/Users/josug/maqueta_21_22/maqueta_21_22.srcs/constrs_1/new/bin_BCD.xdc:15]
CRITICAL WARNING: [Common 17-55] 'set_property' expects at least one object. [C:/Users/josug/maqueta_21_22/maqueta_21_22.srcs/constrs_1/new/bin_BCD.xdc:15]
Resolution: If [get_<value>] was used to populate the object, check to make sure this command returns at least one valid object.
WARNING: [Vivado 12-584] No ports matched 'enable'. [C:/Users/josug/maqueta_21_22/maqueta_21_22.srcs/constrs_1/new/bin_BCD.xdc:16]
CRITICAL WARNING: [Common 17-55] 'set_property' expects at least one object. [C:/Users/josug/maqueta_21_22/maqueta_21_22.srcs/constrs_1/new/bin_BCD.xdc:16]
Resolution: If [get_<value>] was used to populate the object, check to make sure this command returns at least one valid object.
WARNING: [Vivado 12-584] No ports matched 'led[2]'. [C:/Users/josug/maqueta_21_22/maqueta_21_22.srcs/constrs_1/new/bin_BCD.xdc:24]
CRITICAL WARNING: [Common 17-55] 'set_property' expects at least one object. [C:/Users/josug/maqueta_21_22/maqueta_21_22.srcs/constrs_1/new/bin_BCD.xdc:24]
Resolution: If [get_<value>] was used to populate the object, check to make sure this command returns at least one valid object.
WARNING: [Vivado 12-584] No ports matched 'led[2]'. [C:/Users/josug/maqueta_21_22/maqueta_21_22.srcs/constrs_1/new/bin_BCD.xdc:25]
CRITICAL WARNING: [Common 17-55] 'set_property' expects at least one object. [C:/Users/josug/maqueta_21_22/maqueta_21_22.srcs/constrs_1/new/bin_BCD.xdc:25]
Resolution: If [get_<value>] was used to populate the object, check to make sure this command returns at least one valid object.
WARNING: [Vivado 12-584] No ports matched 'led[3]'. [C:/Users/josug/maqueta_21_22/maqueta_21_22.srcs/constrs_1/new/bin_BCD.xdc:26]
CRITICAL WARNING: [Common 17-55] 'set_property' expects at least one object. [C:/Users/josug/maqueta_21_22/maqueta_21_22.srcs/constrs_1/new/bin_BCD.xdc:26]
Resolution: If [get_<value>] was used to populate the object, check to make sure this command returns at least one valid object.
WARNING: [Vivado 12-584] No ports matched 'led[3]'. [C:/Users/josug/maqueta_21_22/maqueta_21_22.srcs/constrs_1/new/bin_BCD.xdc:27]
CRITICAL WARNING: [Common 17-55] 'set_property' expects at least one object. [C:/Users/josug/maqueta_21_22/maqueta_21_22.srcs/constrs_1/new/bin_BCD.xdc:27]
Resolution: If [get_<value>] was used to populate the object, check to make sure this command returns at least one valid object.
WARNING: [Vivado 12-584] No ports matched 'led[4]'. [C:/Users/josug/maqueta_21_22/maqueta_21_22.srcs/constrs_1/new/bin_BCD.xdc:28]
CRITICAL WARNING: [Common 17-55] 'set_property' expects at least one object. [C:/Users/josug/maqueta_21_22/maqueta_21_22.srcs/constrs_1/new/bin_BCD.xdc:28]
Resolution: If [get_<value>] was used to populate the object, check to make sure this command returns at least one valid object.
WARNING: [Vivado 12-584] No ports matched 'led[4]'. [C:/Users/josug/maqueta_21_22/maqueta_21_22.srcs/constrs_1/new/bin_BCD.xdc:29]
CRITICAL WARNING: [Common 17-55] 'set_property' expects at least one object. [C:/Users/josug/maqueta_21_22/maqueta_21_22.srcs/constrs_1/new/bin_BCD.xdc:29]
Resolution: If [get_<value>] was used to populate the object, check to make sure this command returns at least one valid object.
WARNING: [Vivado 12-584] No ports matched 'led[5]'. [C:/Users/josug/maqueta_21_22/maqueta_21_22.srcs/constrs_1/new/bin_BCD.xdc:30]
CRITICAL WARNING: [Common 17-55] 'set_property' expects at least one object. [C:/Users/josug/maqueta_21_22/maqueta_21_22.srcs/constrs_1/new/bin_BCD.xdc:30]
Resolution: If [get_<value>] was used to populate the object, check to make sure this command returns at least one valid object.
WARNING: [Vivado 12-584] No ports matched 'led[5]'. [C:/Users/josug/maqueta_21_22/maqueta_21_22.srcs/constrs_1/new/bin_BCD.xdc:31]
CRITICAL WARNING: [Common 17-55] 'set_property' expects at least one object. [C:/Users/josug/maqueta_21_22/maqueta_21_22.srcs/constrs_1/new/bin_BCD.xdc:31]
Resolution: If [get_<value>] was used to populate the object, check to make sure this command returns at least one valid object.
WARNING: [Vivado 12-584] No ports matched 'led[6]'. [C:/Users/josug/maqueta_21_22/maqueta_21_22.srcs/constrs_1/new/bin_BCD.xdc:32]
CRITICAL WARNING: [Common 17-55] 'set_property' expects at least one object. [C:/Users/josug/maqueta_21_22/maqueta_21_22.srcs/constrs_1/new/bin_BCD.xdc:32]
Resolution: If [get_<value>] was used to populate the object, check to make sure this command returns at least one valid object.
WARNING: [Vivado 12-584] No ports matched 'led[6]'. [C:/Users/josug/maqueta_21_22/maqueta_21_22.srcs/constrs_1/new/bin_BCD.xdc:33]
CRITICAL WARNING: [Common 17-55] 'set_property' expects at least one object. [C:/Users/josug/maqueta_21_22/maqueta_21_22.srcs/constrs_1/new/bin_BCD.xdc:33]
Resolution: If [get_<value>] was used to populate the object, check to make sure this command returns at least one valid object.
WARNING: [Vivado 12-584] No ports matched 'led[7]'. [C:/Users/josug/maqueta_21_22/maqueta_21_22.srcs/constrs_1/new/bin_BCD.xdc:34]
CRITICAL WARNING: [Common 17-55] 'set_property' expects at least one object. [C:/Users/josug/maqueta_21_22/maqueta_21_22.srcs/constrs_1/new/bin_BCD.xdc:34]
Resolution: If [get_<value>] was used to populate the object, check to make sure this command returns at least one valid object.
WARNING: [Vivado 12-584] No ports matched 'led[7]'. [C:/Users/josug/maqueta_21_22/maqueta_21_22.srcs/constrs_1/new/bin_BCD.xdc:35]
CRITICAL WARNING: [Common 17-55] 'set_property' expects at least one object. [C:/Users/josug/maqueta_21_22/maqueta_21_22.srcs/constrs_1/new/bin_BCD.xdc:35]
Resolution: If [get_<value>] was used to populate the object, check to make sure this command returns at least one valid object.
WARNING: [Vivado 12-584] No ports matched 'led[8]'. [C:/Users/josug/maqueta_21_22/maqueta_21_22.srcs/constrs_1/new/bin_BCD.xdc:36]
CRITICAL WARNING: [Common 17-55] 'set_property' expects at least one object. [C:/Users/josug/maqueta_21_22/maqueta_21_22.srcs/constrs_1/new/bin_BCD.xdc:36]
Resolution: If [get_<value>] was used to populate the object, check to make sure this command returns at least one valid object.
WARNING: [Vivado 12-584] No ports matched 'led[8]'. [C:/Users/josug/maqueta_21_22/maqueta_21_22.srcs/constrs_1/new/bin_BCD.xdc:37]
CRITICAL WARNING: [Common 17-55] 'set_property' expects at least one object. [C:/Users/josug/maqueta_21_22/maqueta_21_22.srcs/constrs_1/new/bin_BCD.xdc:37]
Resolution: If [get_<value>] was used to populate the object, check to make sure this command returns at least one valid object.
WARNING: [Vivado 12-584] No ports matched 'led[9]'. [C:/Users/josug/maqueta_21_22/maqueta_21_22.srcs/constrs_1/new/bin_BCD.xdc:38]
CRITICAL WARNING: [Common 17-55] 'set_property' expects at least one object. [C:/Users/josug/maqueta_21_22/maqueta_21_22.srcs/constrs_1/new/bin_BCD.xdc:38]
Resolution: If [get_<value>] was used to populate the object, check to make sure this command returns at least one valid object.
WARNING: [Vivado 12-584] No ports matched 'led[9]'. [C:/Users/josug/maqueta_21_22/maqueta_21_22.srcs/constrs_1/new/bin_BCD.xdc:39]
CRITICAL WARNING: [Common 17-55] 'set_property' expects at least one object. [C:/Users/josug/maqueta_21_22/maqueta_21_22.srcs/constrs_1/new/bin_BCD.xdc:39]
Resolution: If [get_<value>] was used to populate the object, check to make sure this command returns at least one valid object.
WARNING: [Vivado 12-584] No ports matched 'led[10]'. [C:/Users/josug/maqueta_21_22/maqueta_21_22.srcs/constrs_1/new/bin_BCD.xdc:40]
CRITICAL WARNING: [Common 17-55] 'set_property' expects at least one object. [C:/Users/josug/maqueta_21_22/maqueta_21_22.srcs/constrs_1/new/bin_BCD.xdc:40]
Resolution: If [get_<value>] was used to populate the object, check to make sure this command returns at least one valid object.
WARNING: [Vivado 12-584] No ports matched 'led[10]'. [C:/Users/josug/maqueta_21_22/maqueta_21_22.srcs/constrs_1/new/bin_BCD.xdc:41]
CRITICAL WARNING: [Common 17-55] 'set_property' expects at least one object. [C:/Users/josug/maqueta_21_22/maqueta_21_22.srcs/constrs_1/new/bin_BCD.xdc:41]
Resolution: If [get_<value>] was used to populate the object, check to make sure this command returns at least one valid object.
WARNING: [Vivado 12-584] No ports matched 'led[11]'. [C:/Users/josug/maqueta_21_22/maqueta_21_22.srcs/constrs_1/new/bin_BCD.xdc:42]
CRITICAL WARNING: [Common 17-55] 'set_property' expects at least one object. [C:/Users/josug/maqueta_21_22/maqueta_21_22.srcs/constrs_1/new/bin_BCD.xdc:42]
Resolution: If [get_<value>] was used to populate the object, check to make sure this command returns at least one valid object.
WARNING: [Vivado 12-584] No ports matched 'led[11]'. [C:/Users/josug/maqueta_21_22/maqueta_21_22.srcs/constrs_1/new/bin_BCD.xdc:43]
CRITICAL WARNING: [Common 17-55] 'set_property' expects at least one object. [C:/Users/josug/maqueta_21_22/maqueta_21_22.srcs/constrs_1/new/bin_BCD.xdc:43]
Resolution: If [get_<value>] was used to populate the object, check to make sure this command returns at least one valid object.
Finished Parsing XDC File [C:/Users/josug/maqueta_21_22/maqueta_21_22.srcs/constrs_1/new/bin_BCD.xdc]
INFO: [Project 1-236] Implementation specific constraints were found while reading constraint file [C:/Users/josug/maqueta_21_22/maqueta_21_22.srcs/constrs_1/new/bin_BCD.xdc]. These constraints will be ignored for synthesis but will be used in implementation. Impacted constraints are listed in the file [.Xil/maqueta_21_22_propImpl.xdc].
Resolution: To avoid this warning, move constraints listed in [.Xil/maqueta_21_22_propImpl.xdc] to another XDC file and exclude this new file from synthesis with the used_in_synthesis property (File Properties dialog in GUI) and re-run elaboration/synthesis.
Completed Processing XDC Constraints

Netlist sorting complete. Time (s): cpu = 00:00:00 ; elapsed = 00:00:00.001 . Memory (MB): peak = 1362.578 ; gain = 0.000
INFO: [Project 1-111] Unisim Transformation Summary:
No Unisim elements were transformed.

Constraint Validation Runtime : Time (s): cpu = 00:00:00 ; elapsed = 00:00:00.006 . Memory (MB): peak = 1362.578 ; gain = 0.000
INFO: [Designutils 20-5440] No compile time benefit to using incremental synthesis; A full resynthesis will be run
INFO: [Designutils 20-4379] Flow is switching to default flow due to incremental criteria not met. If you would like to alter this behaviour and have the flow terminate instead, please set the following parameter config_implementation {autoIncr.Synth.RejectBehavior Terminate}
INFO: [Synth 8-11241] undeclared symbol 'REGCCE', assumed default net type 'wire' [C:/Xilinx/Vivado/2022.2/data/verilog/src/unimacro/BRAM_SINGLE_MACRO.v:2170]
---------------------------------------------------------------------------------
Finished Constraint Validation : Time (s): cpu = 00:00:13 ; elapsed = 00:00:14 . Memory (MB): peak = 1362.578 ; gain = 584.336
---------------------------------------------------------------------------------
---------------------------------------------------------------------------------
Start Loading Part and Timing Information
---------------------------------------------------------------------------------
Loading part: xc7a35tcpg236-1
---------------------------------------------------------------------------------
Finished Loading Part and Timing Information : Time (s): cpu = 00:00:13 ; elapsed = 00:00:14 . Memory (MB): peak = 1362.578 ; gain = 584.336
---------------------------------------------------------------------------------
---------------------------------------------------------------------------------
Start Applying 'set_property' XDC Constraints
---------------------------------------------------------------------------------
---------------------------------------------------------------------------------
Finished applying 'set_property' XDC Constraints : Time (s): cpu = 00:00:13 ; elapsed = 00:00:14 . Memory (MB): peak = 1362.578 ; gain = 584.336
---------------------------------------------------------------------------------
INFO: [Synth 8-802] inferred FSM for state register 'estado_reg' in module 'pwm_motor_DC'
INFO: [Synth 8-802] inferred FSM for state register 'estado_reg' in module 'HC_SR04'
INFO: [Synth 8-802] inferred FSM for state register 'state_reg' in module 'ST_DS18B20'
INFO: [Synth 8-802] inferred FSM for state register 'flag_reg' in module 'ST_DS18B20'
INFO: [Synth 8-802] inferred FSM for state register 'estado_reg' in module 'my_servo_v1'
INFO: [Synth 8-802] inferred FSM for state register 'estado_reg' in module 'bin_BCD'
---------------------------------------------------------------------------------------------------
                   State |                     New Encoding |                Previous Encoding 
---------------------------------------------------------------------------------------------------
                 iSTATE4 |                          0000001 |                              000
                  iSTATE |                          0000010 |                              001
                 iSTATE0 |                          0000100 |                              010
                 iSTATE1 |                          0001000 |                              011
                 iSTATE3 |                          0010000 |                              100
                 iSTATE2 |                          0100000 |                              101
                 iSTATE5 |                          1000000 |                              110
---------------------------------------------------------------------------------------------------
INFO: [Synth 8-3354] encoded FSM with state register 'estado_reg' using encoding 'one-hot' in module 'HC_SR04'
---------------------------------------------------------------------------------------------------
                   State |                     New Encoding |                Previous Encoding 
---------------------------------------------------------------------------------------------------
                 iSTATE0 |                           000001 |                              000
                 iSTATE1 |                           000010 |                              001
                 iSTATE2 |                           000100 |                              010
                 iSTATE3 |                           001000 |                              011
                 iSTATE4 |                           010000 |                              100
                  iSTATE |                           100000 |                              101
*
---------------------------------------------------------------------------------------------------
INFO: [Synth 8-3354] encoded FSM with state register 'flag_reg' using encoding 'one-hot' in module 'ST_DS18B20'
---------------------------------------------------------------------------------------------------
                   State |                     New Encoding |                Previous Encoding 
---------------------------------------------------------------------------------------------------
              wait_800ms |                        000000001 |                             0000
                   reset |                        000000010 |                             0001
                presence |                        000000100 |                             0010
                    send |                        000001000 |                             0011
              write_byte |                        000010000 |                             0100
               write_low |                        000100000 |                             0101
              write_high |                        001000000 |                             0110
                get_data |                        010000000 |                             0111
                read_bit |                        100000000 |                             1000
---------------------------------------------------------------------------------------------------
INFO: [Synth 8-3354] encoded FSM with state register 'state_reg' using encoding 'one-hot' in module 'ST_DS18B20'
---------------------------------------------------------------------------------------------------
                   State |                     New Encoding |                Previous Encoding 
---------------------------------------------------------------------------------------------------
                  iSTATE |                               00 |                               00
                 iSTATE0 |                               01 |                               01
                 iSTATE1 |                               10 |                               10
                 iSTATE2 |                               11 |                               11
---------------------------------------------------------------------------------------------------
INFO: [Synth 8-3354] encoded FSM with state register 'estado_reg' using encoding 'sequential' in module 'my_servo_v1'
---------------------------------------------------------------------------------------------------
                   State |                     New Encoding |                Previous Encoding 
---------------------------------------------------------------------------------------------------
                  iSTATE |                               00 |                               00
                 iSTATE0 |                               01 |                               01
                 iSTATE2 |                               10 |                               10
                 iSTATE1 |                               11 |                               11
---------------------------------------------------------------------------------------------------
INFO: [Synth 8-3354] encoded FSM with state register 'estado_reg' using encoding 'sequential' in module 'bin_BCD'
---------------------------------------------------------------------------------
Finished RTL Optimization Phase 2 : Time (s): cpu = 00:00:14 ; elapsed = 00:00:15 . Memory (MB): peak = 1362.578 ; gain = 584.336
---------------------------------------------------------------------------------
---------------------------------------------------------------------------------
Start RTL Component Statistics 
---------------------------------------------------------------------------------
Detailed RTL Component Info : 
+---Adders : 
	   2 Input   27 Bit       Adders := 1     
	   2 Input   22 Bit       Adders := 1     
	   2 Input   20 Bit       Adders := 1     
	   2 Input   17 Bit       Adders := 1     
	   2 Input   16 Bit       Adders := 1     
	   2 Input   15 Bit       Adders := 1     
	   2 Input    7 Bit       Adders := 8     
	   2 Input    4 Bit       Adders := 3     
	   2 Input    2 Bit       Adders := 1     
+---Registers : 
	               72 Bit    Registers := 2     
	               27 Bit    Registers := 1     
	               22 Bit    Registers := 1     
	               20 Bit    Registers := 2     
	               17 Bit    Registers := 1     
	               16 Bit    Registers := 2     
	               15 Bit    Registers := 2     
	               12 Bit    Registers := 1     
	                8 Bit    Registers := 2     
	                7 Bit    Registers := 6     
	                4 Bit    Registers := 4     
	                3 Bit    Registers := 1     
	                2 Bit    Registers := 5     
	                1 Bit    Registers := 5     
+---Muxes : 
	   4 Input   72 Bit        Muxes := 1     
	   2 Input   72 Bit        Muxes := 1     
	   9 Input   72 Bit        Muxes := 2     
	   7 Input   27 Bit        Muxes := 1     
	   4 Input   22 Bit        Muxes := 1     
	   6 Input   20 Bit        Muxes := 2     
	   2 Input   19 Bit        Muxes := 1     
	   4 Input   19 Bit        Muxes := 1     
	   2 Input   17 Bit        Muxes := 1     
	   6 Input   16 Bit        Muxes := 1     
	   2 Input   16 Bit        Muxes := 3     
	   7 Input   15 Bit        Muxes := 1     
	   2 Input   12 Bit        Muxes := 2     
	   4 Input   12 Bit        Muxes := 2     
	   9 Input    9 Bit        Muxes := 1     
	   2 Input    9 Bit        Muxes := 2     
	   6 Input    9 Bit        Muxes := 1     
	   3 Input    9 Bit        Muxes := 2     
	   4 Input    9 Bit        Muxes := 2     
	   4 Input    8 Bit        Muxes := 1     
	   2 Input    7 Bit        Muxes := 7     
	   7 Input    7 Bit        Muxes := 1     
	   3 Input    7 Bit        Muxes := 1     
	   9 Input    7 Bit        Muxes := 1     
	   6 Input    6 Bit        Muxes := 1     
	   3 Input    4 Bit        Muxes := 1     
	   9 Input    4 Bit        Muxes := 1     
	   5 Input    4 Bit        Muxes := 1     
	   6 Input    3 Bit        Muxes := 3     
	   2 Input    3 Bit        Muxes := 3     
	   2 Input    2 Bit        Muxes := 7     
	   4 Input    2 Bit        Muxes := 7     
	   9 Input    2 Bit        Muxes := 3     
	   5 Input    2 Bit        Muxes := 1     
	   2 Input    1 Bit        Muxes := 28    
	   6 Input    1 Bit        Muxes := 7     
	   7 Input    1 Bit        Muxes := 3     
	   3 Input    1 Bit        Muxes := 8     
	   4 Input    1 Bit        Muxes := 20    
	   9 Input    1 Bit        Muxes := 16    
---------------------------------------------------------------------------------
Finished RTL Component Statistics 
---------------------------------------------------------------------------------
---------------------------------------------------------------------------------
Start Part Resource Summary
---------------------------------------------------------------------------------
Part Resources:
DSPs: 90 (col length:60)
BRAMs: 100 (col length: RAMB18 60 RAMB36 30)
---------------------------------------------------------------------------------
Finished Part Resource Summary
---------------------------------------------------------------------------------
---------------------------------------------------------------------------------
Start Cross Boundary and Area Optimization
---------------------------------------------------------------------------------
WARNING: [Synth 8-7080] Parallel synthesis criteria is not met
DSP Report: Generating DSP pwm_tope1, operation Mode is: (A:0x7a120)*B2.
DSP Report: register pwm_tope1 is absorbed into DSP pwm_tope1.
DSP Report: operator pwm_tope1 is absorbed into DSP pwm_tope1.
DSP Report: Generating DSP rpm1, operation Mode is: A2*(B:0x78).
DSP Report: register cont_reg is absorbed into DSP rpm1.
DSP Report: operator rpm1 is absorbed into DSP rpm1.
DSP Report: Generating DSP pwm_tope0, operation Mode is: (C:0x7530)+(A:0x457)*B.
DSP Report: operator pwm_tope0 is absorbed into DSP pwm_tope0.
DSP Report: operator pwm_tope1 is absorbed into DSP pwm_tope0.
DSP Report: Generating DSP pwm_tope0, operation Mode is: (C:0xc350)+(A:0x457)*B.
DSP Report: operator pwm_tope0 is absorbed into DSP pwm_tope0.
DSP Report: operator pwm_tope1 is absorbed into DSP pwm_tope0.
DSP Report: Generating DSP pwm_tope0, operation Mode is: (C:0x186a0)+(A:0x22b)*B.
DSP Report: operator pwm_tope0 is absorbed into DSP pwm_tope0.
DSP Report: operator pwm_tope1 is absorbed into DSP pwm_tope0.
WARNING: [Synth 8-7129] Port calefactor in module maqueta_21_22 is either unconnected or has no load
WARNING: [Synth 8-7129] Port que_ver[1] in module maqueta_21_22 is either unconnected or has no load
WARNING: [Synth 8-7129] Port que_ver[0] in module maqueta_21_22 is either unconnected or has no load
---------------------------------------------------------------------------------
Finished Cross Boundary and Area Optimization : Time (s): cpu = 00:00:19 ; elapsed = 00:00:20 . Memory (MB): peak = 1362.578 ; gain = 584.336
---------------------------------------------------------------------------------
---------------------------------------------------------------------------------
Start ROM, RAM, DSP, Shift Register and Retiming Reporting
---------------------------------------------------------------------------------

DSP: Preliminary Mapping Report (see note below. The ' indicates corresponding REG is set)
+-------------+-------------------------+--------+--------+--------+--------+--------+------+------+------+------+-------+------+------+
|Module Name  | DSP Mapping             | A Size | B Size | C Size | D Size | P Size | AREG | BREG | CREG | DREG | ADREG | MREG | PREG | 
+-------------+-------------------------+--------+--------+--------+--------+--------+------+------+------+------+-------+------+------+
|pwm_motor_DC | (A:0x7a120)*B2          | 20     | 8      | -      | -      | 28     | 0    | 1    | -    | -    | -     | 0    | 0    | 
|sensor_hall  | A2*(B:0x78)             | 21     | 8      | -      | -      | 29     | 1    | 0    | -    | -    | -     | 0    | 0    | 
|my_servo_v1  | (C:0x7530)+(A:0x457)*B  | 8      | 11     | 15     | -      | 19     | 0    | 0    | 0    | -    | -     | 0    | 0    | 
|my_servo_v1  | (C:0xc350)+(A:0x457)*B  | 8      | 11     | 16     | -      | 19     | 0    | 0    | 0    | -    | -     | 0    | 0    | 
|my_servo_v1  | (C:0x186a0)+(A:0x22b)*B | 8      | 10     | 17     | -      | 18     | 0    | 0    | 0    | -    | -     | 0    | 0    | 
+-------------+-------------------------+--------+--------+--------+--------+--------+------+------+------+------+-------+------+------+

Note: The table above is a preliminary report that shows the DSPs inferred at the current stage of the synthesis flow. Some DSP may be reimplemented as non DSP primitives later in the synthesis flow. Multiple instantiated DSPs are reported only once.
---------------------------------------------------------------------------------
Finished ROM, RAM, DSP, Shift Register and Retiming Reporting
---------------------------------------------------------------------------------
---------------------------------------------------------------------------------
Start Applying XDC Timing Constraints
---------------------------------------------------------------------------------
WARNING: [Synth 8-565] redefining clock 'sys_clk_pin'
WARNING: [Synth 8-565] redefining clock 'sys_clk_pin'
WARNING: [Synth 8-565] redefining clock 'sys_clk_pin'
WARNING: [Synth 8-565] redefining clock 'sys_clk_pin'
---------------------------------------------------------------------------------
Finished Applying XDC Timing Constraints : Time (s): cpu = 00:00:27 ; elapsed = 00:00:28 . Memory (MB): peak = 1362.578 ; gain = 584.336
---------------------------------------------------------------------------------
---------------------------------------------------------------------------------
Start Timing Optimization
---------------------------------------------------------------------------------
---------------------------------------------------------------------------------
Finished Timing Optimization : Time (s): cpu = 00:00:28 ; elapsed = 00:00:30 . Memory (MB): peak = 1379.797 ; gain = 601.555
---------------------------------------------------------------------------------
---------------------------------------------------------------------------------
Start Technology Mapping
---------------------------------------------------------------------------------
---------------------------------------------------------------------------------
Finished Technology Mapping : Time (s): cpu = 00:00:29 ; elapsed = 00:00:31 . Memory (MB): peak = 1380.836 ; gain = 602.594
---------------------------------------------------------------------------------
---------------------------------------------------------------------------------
Start IO Insertion
---------------------------------------------------------------------------------
---------------------------------------------------------------------------------
Start Flattening Before IO Insertion
---------------------------------------------------------------------------------
---------------------------------------------------------------------------------
Finished Flattening Before IO Insertion
---------------------------------------------------------------------------------
---------------------------------------------------------------------------------
Start Final Netlist Cleanup
---------------------------------------------------------------------------------
---------------------------------------------------------------------------------
Finished Final Netlist Cleanup
---------------------------------------------------------------------------------
---------------------------------------------------------------------------------
Finished IO Insertion : Time (s): cpu = 00:00:33 ; elapsed = 00:00:35 . Memory (MB): peak = 1387.332 ; gain = 609.090
---------------------------------------------------------------------------------
---------------------------------------------------------------------------------
Start Renaming Generated Instances
---------------------------------------------------------------------------------
---------------------------------------------------------------------------------
Finished Renaming Generated Instances : Time (s): cpu = 00:00:33 ; elapsed = 00:00:35 . Memory (MB): peak = 1387.332 ; gain = 609.090
---------------------------------------------------------------------------------
---------------------------------------------------------------------------------
Start Rebuilding User Hierarchy
---------------------------------------------------------------------------------
---------------------------------------------------------------------------------
Finished Rebuilding User Hierarchy : Time (s): cpu = 00:00:33 ; elapsed = 00:00:35 . Memory (MB): peak = 1387.332 ; gain = 609.090
---------------------------------------------------------------------------------
---------------------------------------------------------------------------------
Start Renaming Generated Ports
---------------------------------------------------------------------------------
---------------------------------------------------------------------------------
Finished Renaming Generated Ports : Time (s): cpu = 00:00:33 ; elapsed = 00:00:35 . Memory (MB): peak = 1387.332 ; gain = 609.090
---------------------------------------------------------------------------------
---------------------------------------------------------------------------------
Start Handling Custom Attributes
---------------------------------------------------------------------------------
---------------------------------------------------------------------------------
Finished Handling Custom Attributes : Time (s): cpu = 00:00:33 ; elapsed = 00:00:35 . Memory (MB): peak = 1387.332 ; gain = 609.090
---------------------------------------------------------------------------------
---------------------------------------------------------------------------------
Start Renaming Generated Nets
---------------------------------------------------------------------------------
---------------------------------------------------------------------------------
Finished Renaming Generated Nets : Time (s): cpu = 00:00:33 ; elapsed = 00:00:35 . Memory (MB): peak = 1387.332 ; gain = 609.090
---------------------------------------------------------------------------------
---------------------------------------------------------------------------------
Start Writing Synthesis Report
---------------------------------------------------------------------------------

DSP Final Report (the ' indicates corresponding REG is set)
+-------------+-------------+--------+--------+--------+--------+--------+------+------+------+------+-------+------+------+
|Module Name  | DSP Mapping | A Size | B Size | C Size | D Size | P Size | AREG | BREG | CREG | DREG | ADREG | MREG | PREG | 
+-------------+-------------+--------+--------+--------+--------+--------+------+------+------+------+-------+------+------+
|my_servo_v1  | C+A*B       | 8      | 11     | 16     | -      | 19     | 0    | 0    | 0    | -    | -     | 0    | 0    | 
|pwm_motor_DC | A*B'        | 19     | 7      | -      | -      | 28     | 0    | 1    | -    | -    | -     | 0    | 0    | 
|sensor_hall  | A'*B        | 19     | 7      | -      | -      | 29     | 1    | 0    | -    | -    | -     | 0    | 0    | 
+-------------+-------------+--------+--------+--------+--------+--------+------+------+------+------+-------+------+------+


Report BlackBoxes: 
+-+--------------+----------+
| |BlackBox name |Instances |
+-+--------------+----------+
+-+--------------+----------+

Report Cell Usage: 
+------+--------+------+
|      |Cell    |Count |
+------+--------+------+
|1     |BUFG    |     1|
|2     |CARRY4  |   434|
|3     |DSP48E1 |     3|
|6     |LUT1    |    90|
|7     |LUT2    |   425|
|8     |LUT3    |  1003|
|9     |LUT4    |   198|
|10    |LUT5    |    93|
|11    |LUT6    |   247|
|12    |FDCE    |    68|
|13    |FDPE    |     7|
|14    |FDRE    |   205|
|15    |FDSE    |     1|
|16    |IBUF    |    12|
|17    |IOBUF   |     1|
|18    |OBUF    |    30|
|19    |OBUFT   |     1|
+------+--------+------+
---------------------------------------------------------------------------------
Finished Writing Synthesis Report : Time (s): cpu = 00:00:33 ; elapsed = 00:00:35 . Memory (MB): peak = 1387.332 ; gain = 609.090
---------------------------------------------------------------------------------
Synthesis finished with 0 errors, 0 critical warnings and 8 warnings.
Synthesis Optimization Runtime : Time (s): cpu = 00:00:26 ; elapsed = 00:00:33 . Memory (MB): peak = 1387.332 ; gain = 535.266
Synthesis Optimization Complete : Time (s): cpu = 00:00:34 ; elapsed = 00:00:35 . Memory (MB): peak = 1387.332 ; gain = 609.090
INFO: [Project 1-571] Translating synthesized netlist
Netlist sorting complete. Time (s): cpu = 00:00:00 ; elapsed = 00:00:00.024 . Memory (MB): peak = 1399.391 ; gain = 0.000
INFO: [Netlist 29-17] Analyzing 438 Unisim elements for replacement
INFO: [Netlist 29-28] Unisim Transformation completed in 0 CPU seconds
INFO: [Project 1-570] Preparing netlist for logic optimization
INFO: [Opt 31-138] Pushed 0 inverter(s) to 0 load pin(s).
Netlist sorting complete. Time (s): cpu = 00:00:00 ; elapsed = 00:00:00.001 . Memory (MB): peak = 1403.066 ; gain = 0.000
INFO: [Project 1-111] Unisim Transformation Summary:
  A total of 1 instances were transformed.
  IOBUF => IOBUF (IBUF, OBUFT): 1 instance 

Synth Design complete, checksum: be2dc26c
INFO: [Common 17-83] Releasing license: Synthesis
56 Infos, 112 Warnings, 92 Critical Warnings and 0 Errors encountered.
synth_design completed successfully
synth_design: Time (s): cpu = 00:00:38 ; elapsed = 00:00:40 . Memory (MB): peak = 1403.066 ; gain = 999.770
INFO: [runtcl-6] Synthesis results are not added to the cache due to CRITICAL_WARNING
INFO: [Common 17-1381] The checkpoint 'C:/Users/josug/maqueta_21_22/maqueta_21_22.runs/synth_1/maqueta_21_22.dcp' has been generated.
INFO: [runtcl-4] Executing : report_utilization -file maqueta_21_22_utilization_synth.rpt -pb maqueta_21_22_utilization_synth.pb
INFO: [Common 17-206] Exiting Vivado at Sat May 27 12:47:51 2023...
